[ 2882626ms] [ERROR] Failed to load resource: the server responded with a status of 500 (Internal Server Error) @ http://[::1]:5175/resources/js/routes/appearance/index.ts?t=1774680694273:0
[ 2882627ms] [ERROR] [vite] Failed to reload /resources/js/layouts/settings/layout.tsx. This could be due to syntax errors or importing non-existent modules. (see errors above) @ http://[::1]:5175/@vite/client:509
[ 2882891ms] [ERROR] [vite] Failed to reload /resources/js/layouts/settings/layout.tsx. This could be due to syntax errors or importing non-existent modules. (see errors above) @ http://[::1]:5175/@vite/client:509
[ 2882918ms] [ERROR] [vite] Failed to reload /resources/js/layouts/settings/layout.tsx. This could be due to syntax errors or importing non-existent modules. (see errors above) @ http://[::1]:5175/@vite/client:509
[ 2883679ms] [ERROR] [vite] Failed to reload /resources/js/layouts/settings/layout.tsx. This could be due to syntax errors or importing non-existent modules. (see errors above) @ http://[::1]:5175/@vite/client:509
[ 2883729ms] [ERROR] [vite] Failed to reload /resources/js/layouts/settings/layout.tsx. This could be due to syntax errors or importing non-existent modules. (see errors above) @ http://[::1]:5175/@vite/client:509
[ 2883730ms] [ERROR] [vite] Failed to reload /resources/js/layouts/settings/layout.tsx. This could be due to syntax errors or importing non-existent modules. (see errors above) @ http://[::1]:5175/@vite/client:509
[ 2885287ms] [ERROR] Failed to load resource: the server responded with a status of 500 (Internal Server Error) @ http://[::1]:5175/resources/js/routes/appearance/index.ts?t=1774680694273:0
[ 2887164ms] [ERROR] Failed to load resource: the server responded with a status of 500 (Internal Server Error) @ http://[::1]:5175/resources/js/routes/appearance/index.ts?t=1774680694273:0
[ 2895472ms] [ERROR] Failed to load resource: the server responded with a status of 500 (Internal Server Error) @ http://[::1]:5175/resources/js/routes/appearance/index.ts?t=1774680694273:0
[ 2912900ms] [ERROR] Failed to load resource: the server responded with a status of 500 (Internal Server Error) @ http://[::1]:5175/resources/js/routes/appearance/index.ts?t=1774680694273:0
[ 2920738ms] [ERROR] Failed to load resource: the server responded with a status of 500 (Internal Server Error) @ http://[::1]:5175/resources/js/routes/appearance/index.ts?t=1774680694273:0
[ 3045050ms] [ERROR] Failed to load resource: the server responded with a status of 500 (Internal Server Error) @ http://[::1]:5175/resources/js/routes/appearance/index.ts?t=1774680694273:0
[ 3053390ms] [ERROR] Failed to load resource: the server responded with a status of 500 (Internal Server Error) @ http://[::1]:5175/resources/js/routes/appearance/index.ts?t=1774680694273:0
[ 3120199ms] [ERROR] Failed to load resource: the server responded with a status of 500 (Internal Server Error) @ http://[::1]:5175/resources/js/routes/appearance/index.ts?t=1774680694273:0
[ 3126215ms] [ERROR] Failed to load resource: the server responded with a status of 500 (Internal Server Error) @ http://[::1]:5175/resources/js/routes/appearance/index.ts?t=1774680694273:0
[ 3163674ms] [ERROR] Failed to load resource: the server responded with a status of 500 (Internal Server Error) @ http://[::1]:5175/resources/js/routes/appearance/index.ts?t=1774680694273:0
[ 3170323ms] [ERROR] Failed to load resource: the server responded with a status of 500 (Internal Server Error) @ http://[::1]:5175/resources/js/routes/appearance/index.ts?t=1774680694273:0
[ 3172828ms] [ERROR] Failed to load resource: the server responded with a status of 500 (Internal Server Error) @ http://[::1]:5175/resources/js/routes/appearance/index.ts?t=1774680694273:0
[ 3174947ms] [ERROR] Failed to load resource: the server responded with a status of 500 (Internal Server Error) @ http://[::1]:5175/resources/js/routes/appearance/index.ts?t=1774680694273:0
[ 3180591ms] [ERROR] Failed to load resource: the server responded with a status of 500 (Internal Server Error) @ http://[::1]:5175/resources/js/routes/appearance/index.ts?t=1774680694273:0
[ 3212028ms] [ERROR] Failed to load resource: the server responded with a status of 500 (Internal Server Error) @ http://[::1]:5175/resources/js/routes/appearance/index.ts?t=1774680694273:0
[ 3281874ms] [ERROR] Failed to load resource: the server responded with a status of 500 (Internal Server Error) @ http://[::1]:5175/resources/js/routes/appearance/index.ts?t=1774680694273:0
[ 3283464ms] [ERROR] Failed to load resource: the server responded with a status of 500 (Internal Server Error) @ http://[::1]:5175/resources/js/routes/appearance/index.ts?t=1774680694273:0
[ 3290436ms] [ERROR] Failed to load resource: the server responded with a status of 500 (Internal Server Error) @ http://[::1]:5175/resources/js/routes/appearance/index.ts?t=1774680694273:0
[ 3292158ms] [ERROR] Failed to load resource: the server responded with a status of 500 (Internal Server Error) @ http://[::1]:5175/resources/js/routes/appearance/index.ts?t=1774680694273:0
[ 3298356ms] [ERROR] Failed to load resource: the server responded with a status of 500 (Internal Server Error) @ http://[::1]:5175/resources/js/routes/appearance/index.ts?t=1774680694273:0
[ 3299850ms] [ERROR] Failed to load resource: the server responded with a status of 500 (Internal Server Error) @ http://[::1]:5175/resources/js/routes/appearance/index.ts?t=1774680694273:0
[ 3300939ms] [ERROR] Failed to load resource: the server responded with a status of 500 (Internal Server Error) @ http://[::1]:5175/resources/js/routes/appearance/index.ts?t=1774680694273:0
[ 3301997ms] [ERROR] Failed to load resource: the server responded with a status of 500 (Internal Server Error) @ http://[::1]:5175/resources/js/routes/appearance/index.ts?t=1774680694273:0
[ 3302952ms] [ERROR] Failed to load resource: the server responded with a status of 500 (Internal Server Error) @ http://[::1]:5175/resources/js/routes/appearance/index.ts?t=1774680694273:0
[ 3303934ms] [ERROR] Failed to load resource: the server responded with a status of 500 (Internal Server Error) @ http://[::1]:5175/resources/js/routes/appearance/index.ts?t=1774680694273:0
[ 3305351ms] [ERROR] Failed to load resource: the server responded with a status of 500 (Internal Server Error) @ http://[::1]:5175/resources/js/routes/appearance/index.ts?t=1774680694273:0
[ 3310004ms] [ERROR] Failed to load resource: the server responded with a status of 500 (Internal Server Error) @ http://[::1]:5175/resources/js/routes/appearance/index.ts?t=1774680694273:0
[ 3311268ms] [ERROR] Failed to load resource: the server responded with a status of 500 (Internal Server Error) @ http://[::1]:5175/resources/js/routes/appearance/index.ts?t=1774680694273:0
[ 3328372ms] [ERROR] Failed to load resource: the server responded with a status of 500 (Internal Server Error) @ http://[::1]:5175/resources/js/routes/appearance/index.ts?t=1774680694273:0
[ 3425429ms] [ERROR] Failed to load resource: the server responded with a status of 500 (Internal Server Error) @ http://[::1]:5175/resources/js/routes/appearance/index.ts?t=1774680694273:0
[ 3432677ms] [ERROR] Failed to load resource: the server responded with a status of 500 (Internal Server Error) @ http://[::1]:5175/resources/js/routes/appearance/index.ts?t=1774680694273:0
[ 3440671ms] [ERROR] Failed to load resource: the server responded with a status of 500 (Internal Server Error) @ http://[::1]:5175/resources/js/routes/appearance/index.ts?t=1774680694273:0
[ 3445595ms] [ERROR] Failed to load resource: the server responded with a status of 500 (Internal Server Error) @ http://[::1]:5175/resources/js/routes/appearance/index.ts?t=1774680694273:0
[ 3495627ms] [ERROR] Failed to load resource: the server responded with a status of 500 (Internal Server Error) @ http://[::1]:5175/resources/js/routes/appearance/index.ts?t=1774680694273:0
[ 3577732ms] [ERROR] Failed to load resource: the server responded with a status of 500 (Internal Server Error) @ http://[::1]:5175/resources/js/routes/appearance/index.ts?t=1774680694273:0
[ 3754716ms] [ERROR] Failed to load resource: the server responded with a status of 500 (Internal Server Error) @ http://[::1]:5175/resources/js/routes/appearance/index.ts?t=1774680694273:0
[ 3757158ms] [ERROR] Failed to load resource: the server responded with a status of 500 (Internal Server Error) @ http://[::1]:5175/resources/js/routes/appearance/index.ts?t=1774680694273:0
[ 3766412ms] [ERROR] Failed to load resource: the server responded with a status of 500 (Internal Server Error) @ http://[::1]:5175/resources/js/routes/appearance/index.ts?t=1774680694273:0
[ 3770396ms] [ERROR] Failed to load resource: the server responded with a status of 500 (Internal Server Error) @ http://[::1]:5175/resources/js/routes/appearance/index.ts?t=1774680694273:0
[ 4250163ms] [ERROR] Failed to load resource: the server responded with a status of 404 (Not Found) @ http://[::1]:5175/resources/js/routes/appearance/index.ts?t=1774682061657:0
[ 4250164ms] [ERROR] [vite] Failed to reload /resources/js/layouts/settings/layout.tsx. This could be due to syntax errors or importing non-existent modules. (see errors above) @ http://[::1]:5175/@vite/client:509
[ 4250383ms] [ERROR] [vite] Failed to reload /resources/js/layouts/settings/layout.tsx. This could be due to syntax errors or importing non-existent modules. (see errors above) @ http://[::1]:5175/@vite/client:509
[ 4250416ms] [ERROR] [vite] Failed to reload /resources/js/layouts/settings/layout.tsx. This could be due to syntax errors or importing non-existent modules. (see errors above) @ http://[::1]:5175/@vite/client:509
[ 4250645ms] [ERROR] Failed to load resource: the server responded with a status of 404 (Not Found) @ http://[::1]:5175/resources/js/routes/profile/index.ts?t=1774682061663:0
[ 4250645ms] [ERROR] [vite] Failed to reload /resources/js/components/user-menu-content.tsx. This could be due to syntax errors or importing non-existent modules. (see errors above) @ http://[::1]:5175/@vite/client:509
[ 4250647ms] [ERROR] [vite] Failed to reload /resources/js/components/user-menu-content.tsx. This could be due to syntax errors or importing non-existent modules. (see errors above) @ http://[::1]:5175/@vite/client:509
[ 4250656ms] [ERROR] Failed to load resource: the server responded with a status of 404 (Not Found) @ http://[::1]:5175/resources/js/routes/security/index.ts?t=1774682061601:0
[ 4250664ms] [ERROR] Failed to load resource: the server responded with a status of 404 (Not Found) @ http://[::1]:5175/resources/js/routes/index.ts?t=1774682061664:0
[ 4250665ms] [ERROR] [vite] Failed to reload /resources/js/layouts/auth/auth-simple-layout.tsx. This could be due to syntax errors or importing non-existent modules. (see errors above) @ http://[::1]:5175/@vite/client:509
[ 4250680ms] [ERROR] [vite] Failed to reload /resources/js/components/app-sidebar.tsx. This could be due to syntax errors or importing non-existent modules. (see errors above) @ http://[::1]:5175/@vite/client:509
[ 4297427ms] [ERROR] Failed to load resource: the server responded with a status of 404 (Not Found) @ http://[::1]:5175/resources/js/routes/appearance/index.ts?t=1774682109210:0
[ 4297427ms] [ERROR] [vite] Failed to reload /resources/js/layouts/settings/layout.tsx. This could be due to syntax errors or importing non-existent modules. (see errors above) @ http://[::1]:5175/@vite/client:509
[ 4297499ms] [ERROR] Failed to load resource: the server responded with a status of 404 (Not Found) @ http://[::1]:5175/resources/js/routes/profile/index.ts?t=1774682109219:0
[ 4297522ms] [ERROR] Failed to load resource: the server responded with a status of 404 (Not Found) @ http://[::1]:5175/resources/js/routes/security/index.ts?t=1774682109209:0
[ 4297542ms] [ERROR] [vite] Failed to reload /resources/js/layouts/settings/layout.tsx. This could be due to syntax errors or importing non-existent modules. (see errors above) @ http://[::1]:5175/@vite/client:509
[ 4297544ms] [ERROR] [vite] Failed to reload /resources/js/layouts/settings/layout.tsx. This could be due to syntax errors or importing non-existent modules. (see errors above) @ http://[::1]:5175/@vite/client:509
[ 4297592ms] [ERROR] [vite] Failed to reload /resources/js/components/user-menu-content.tsx. This could be due to syntax errors or importing non-existent modules. (see errors above) @ http://[::1]:5175/@vite/client:509
[ 4297648ms] [ERROR] [vite] Failed to reload /resources/js/components/user-menu-content.tsx. This could be due to syntax errors or importing non-existent modules. (see errors above) @ http://[::1]:5175/@vite/client:509
[ 4297699ms] [ERROR] [vite] Failed to reload /resources/js/components/app-sidebar.tsx. This could be due to syntax errors or importing non-existent modules. (see errors above) @ http://[::1]:5175/@vite/client:509
[ 4297741ms] [ERROR] Failed to load resource: the server responded with a status of 404 (Not Found) @ http://[::1]:5175/resources/js/routes/index.ts?t=1774682109220:0
[ 4297741ms] [ERROR] [vite] Failed to reload /resources/js/layouts/auth/auth-simple-layout.tsx. This could be due to syntax errors or importing non-existent modules. (see errors above) @ http://[::1]:5175/@vite/client:509
[ 4648183ms] [ERROR] Failed to load resource: the server responded with a status of 404 (Not Found) @ http://[::1]:5175/resources/js/routes/appearance/index.ts?t=1774682460002:0
[ 4648183ms] [ERROR] [vite] Failed to reload /resources/js/layouts/settings/layout.tsx. This could be due to syntax errors or importing non-existent modules. (see errors above) @ http://[::1]:5175/@vite/client:509
[ 4648191ms] [ERROR] Failed to load resource: the server responded with a status of 404 (Not Found) @ http://[::1]:5175/resources/js/routes/profile/index.ts?t=1774682460007:0
[ 4648194ms] [ERROR] Failed to load resource: the server responded with a status of 404 (Not Found) @ http://[::1]:5175/resources/js/routes/security/index.ts?t=1774682460001:0
[ 4648199ms] [ERROR] [vite] Failed to reload /resources/js/layouts/settings/layout.tsx. This could be due to syntax errors or importing non-existent modules. (see errors above) @ http://[::1]:5175/@vite/client:509
[ 4648201ms] [ERROR] [vite] Failed to reload /resources/js/layouts/settings/layout.tsx. This could be due to syntax errors or importing non-existent modules. (see errors above) @ http://[::1]:5175/@vite/client:509
[ 4648209ms] [ERROR] [vite] Failed to reload /resources/js/components/user-menu-content.tsx. This could be due to syntax errors or importing non-existent modules. (see errors above) @ http://[::1]:5175/@vite/client:509
[ 4648215ms] [ERROR] [vite] Failed to reload /resources/js/components/user-menu-content.tsx. This could be due to syntax errors or importing non-existent modules. (see errors above) @ http://[::1]:5175/@vite/client:509
[ 4648234ms] [ERROR] [vite] Failed to reload /resources/js/components/app-sidebar.tsx. This could be due to syntax errors or importing non-existent modules. (see errors above) @ http://[::1]:5175/@vite/client:509
[ 4648235ms] [ERROR] Failed to load resource: the server responded with a status of 404 (Not Found) @ http://[::1]:5175/resources/js/routes/index.ts?t=1774682460008:0
[ 4648235ms] [ERROR] [vite] Failed to reload /resources/js/layouts/auth/auth-simple-layout.tsx. This could be due to syntax errors or importing non-existent modules. (see errors above) @ http://[::1]:5175/@vite/client:509
[ 4649020ms] [ERROR] [vite] Failed to reload /resources/js/components/user-menu-content.tsx. This could be due to syntax errors or importing non-existent modules. (see errors above) @ http://[::1]:5175/@vite/client:509
[ 4649023ms] [ERROR] [vite] Failed to reload /resources/js/components/app-sidebar.tsx. This could be due to syntax errors or importing non-existent modules. (see errors above) @ http://[::1]:5175/@vite/client:509
